<?xml version="1.0" encoding="UTF-8"?>
<!-- Generated by org.testng.reporters.JUnitReportReporter -->
<testsuite hostname="HEERA" failures="0" tests="1" name="com.vtiger.productTest.CreateProductTest" time="19.686" errors="0" timestamp="2022-05-24T09:07:42 IST" skipped="0">
  <testcase classname="com.vtiger.productTest.CreateProductTest" name="createProductTest" time="19.686"/>
  <system-out/>
</testsuite> <!-- com.vtiger.productTest.CreateProductTest -->
