<?xml version="1.0" encoding="UTF-8"?>
<!-- Generated by org.testng.reporters.JUnitReportReporter -->
<testsuite hostname="HEERA" failures="0" tests="5" name="com.vtiger.practice.PracticeDataprovider" time="0.023" errors="0" timestamp="2022-05-19T15:06:18 IST" skipped="0">
  <testcase classname="com.vtiger.practice.PracticeDataprovider" name="practiceTest" time="0.005"/>
  <system-out>
    <![CDATA[Admin4  -> root4 ]]>
  </system-out>
  <testcase classname="com.vtiger.practice.PracticeDataprovider" name="practiceTest" time="0.002"/>
  <system-out>
    <![CDATA[Admin3  -> root3 ]]>
  </system-out>
  <testcase classname="com.vtiger.practice.PracticeDataprovider" name="practiceTest" time="0.003"/>
  <system-out>
    <![CDATA[Admin1  -> root1 ]]>
  </system-out>
  <testcase classname="com.vtiger.practice.PracticeDataprovider" name="practiceTest" time="0.002"/>
  <system-out>
    <![CDATA[Admin5  -> root5 ]]>
  </system-out>
  <testcase classname="com.vtiger.practice.PracticeDataprovider" name="practiceTest" time="0.011"/>
  <system-out>
    <![CDATA[Admin2  -> root2 ]]>
  </system-out>
</testsuite> <!-- com.vtiger.practice.PracticeDataprovider -->
