<?xml version="1.0" encoding="UTF-8"?>
<!-- Generated by org.testng.reporters.JUnitReportReporter -->
<testsuite hostname="HEERA" failures="0" tests="1" name="com.vtiger.contactTest.LastViewedContactTC_16Test" time="8.493" errors="0" timestamp="2022-05-18T17:38:13 IST" skipped="0">
  <testcase classname="com.vtiger.contactTest.LastViewedContactTC_16Test" name="lastViewedContactTC_16Test" time="8.493"/>
  <system-out/>
</testsuite> <!-- com.vtiger.contactTest.LastViewedContactTC_16Test -->
