<?xml version="1.0" encoding="UTF-8"?>
<!-- Generated by org.testng.reporters.JUnitReportReporter -->
<testsuite hostname="HEERA" failures="0" tests="1" name="com.vtiger.contactTest.OpenSendMailTC_19Test" time="12.382" errors="0" timestamp="2022-05-18T17:40:35 IST" skipped="0">
  <testcase classname="com.vtiger.contactTest.OpenSendMailTC_19Test" name="openSendMailTC_19Test" time="12.382"/>
  <system-out/>
</testsuite> <!-- com.vtiger.contactTest.OpenSendMailTC_19Test -->
