<?xml version="1.0" encoding="UTF-8"?>
<!-- Generated by org.testng.reporters.JUnitReportReporter -->
<testsuite hostname="HEERA" failures="0" tests="1" name="com.vtiger.contactTest.SendingEmailTC_18Test" time="11.631" errors="0" timestamp="2022-05-18T17:42:24 IST" skipped="0">
  <testcase classname="com.vtiger.contactTest.SendingEmailTC_18Test" name="sendingEmailTC_18Test" time="11.631"/>
  <system-out/>
</testsuite> <!-- com.vtiger.contactTest.SendingEmailTC_18Test -->
