<?xml version="1.0" encoding="UTF-8"?>
<!-- Generated by org.testng.reporters.JUnitReportReporter -->
<testsuite hostname="HEERA" failures="0" tests="1" name="com.vtiger.practice.PracticeBaseClass" time="13.928" errors="0" timestamp="2022-05-17T17:30:52 IST" skipped="0">
  <testcase classname="com.vtiger.practice.PracticeBaseClass" name="createContactTest" time="13.928"/>
  <system-out/>
</testsuite> <!-- com.vtiger.practice.PracticeBaseClass -->
