<?xml version="1.0" encoding="UTF-8"?>
<!-- Generated by org.testng.reporters.JUnitReportReporter -->
<testsuite hostname="HEERA" failures="0" tests="1" name="com.vtiger.campaignTest.CreateCampaignTest" time="19.252" errors="0" timestamp="2022-05-24T11:20:32 IST" skipped="0">
  <testcase classname="com.vtiger.campaignTest.CreateCampaignTest" name="createCampaignTest" time="19.252"/>
  <system-out/>
</testsuite> <!-- com.vtiger.campaignTest.CreateCampaignTest -->
