<?xml version="1.0" encoding="UTF-8"?>
<!-- Generated by org.testng.reporters.JUnitReportReporter -->
<testsuite hostname="HEERA" failures="0" tests="1" name="com.vtiger.practice.PracticeTNG" time="0.007" errors="0" timestamp="2022-05-17T11:46:19 IST" skipped="0">
  <testcase classname="com.vtiger.practice.PracticeTNG" name="methodTest" time="0.007"/>
  <system-out>
    <![CDATA[Method]]>
  </system-out>
</testsuite> <!-- com.vtiger.practice.PracticeTNG -->
