<?xml version="1.0" encoding="UTF-8"?>
<!-- Generated by org.testng.reporters.JUnitReportReporter -->
<testsuite hostname="HEERA" failures="0" tests="1" name="com.vtiger.organizationTest.CreateOrganizationWithIndustryAndTypeTest" time="21.122" errors="0" timestamp="2022-05-24T09:07:42 IST" skipped="0">
  <testcase classname="com.vtiger.organizationTest.CreateOrganizationWithIndustryAndTypeTest" name="createOrganizationWithIndustryAndTypeTest" time="21.122"/>
  <system-out/>
</testsuite> <!-- com.vtiger.organizationTest.CreateOrganizationWithIndustryAndTypeTest -->
