<?xml version="1.0" encoding="UTF-8"?>
<!-- Generated by org.testng.reporters.JUnitReportReporter -->
<testsuite hostname="HEERA" failures="0" tests="1" name="com.vtiger.contactTest.CreateDuplicateContactTC_17Test" time="17.073" errors="0" timestamp="2022-05-18T17:15:42 IST" skipped="0">
  <testcase classname="com.vtiger.contactTest.CreateDuplicateContactTC_17Test" name="createDuplicateContactTC_17Test" time="17.073"/>
  <system-out/>
</testsuite> <!-- com.vtiger.contactTest.CreateDuplicateContactTC_17Test -->
