<?xml version="1.0" encoding="UTF-8"?>
<!-- Generated by org.testng.reporters.JUnitReportReporter -->
<testsuite hostname="HEERA" failures="0" tests="1" name="com.vtiger.organizationTest.CreateOrganizationTest" time="18.731" errors="0" timestamp="2022-05-24T09:07:42 IST" skipped="0">
  <testcase classname="com.vtiger.organizationTest.CreateOrganizationTest" name="createOrganizationTest" time="18.731"/>
  <system-out/>
</testsuite> <!-- com.vtiger.organizationTest.CreateOrganizationTest -->
