<?xml version="1.0" encoding="UTF-8"?>
<!-- Generated by org.testng.reporters.JUnitReportReporter -->
<testsuite hostname="HEERA" failures="0" tests="1" name="com.vtiger.contactTest.EditContactTC_15Test" time="20.104" errors="0" timestamp="2022-05-18T17:35:52 IST" skipped="0">
  <testcase classname="com.vtiger.contactTest.EditContactTC_15Test" name="editContactTC_15Test" time="20.104"/>
  <system-out/>
</testsuite> <!-- com.vtiger.contactTest.EditContactTC_15Test -->
