<?xml version="1.0" encoding="UTF-8"?>
<!-- Generated by org.testng.reporters.JUnitReportReporter -->
<testsuite hostname="HEERA" failures="0" tests="1" name="com.vtiger.practice.PracticeTestng2Test" time="0.004" errors="0" timestamp="2022-05-19T15:06:18 IST" skipped="0">
  <testcase classname="com.vtiger.practice.PracticeTestng2Test" name="method4Test" time="0.004"/>
  <system-out>
    <![CDATA[Test 4]]>
  </system-out>
</testsuite> <!-- com.vtiger.practice.PracticeTestng2Test -->
